<?xml version="1.0" encoding="UTF-8"?>
<!-- Generated by org.testng.reporters.JUnitReportReporter -->
<testsuite hostname="inlen8520027833" failures="0" tests="1" name="com.trg.putMethod.Putmethod" time="1.802" errors="0" timestamp="2023-02-17T20:55:38 IST" skipped="0">
  <testcase classname="com.trg.putMethod.Putmethod" name="putMethod" time="1.802"/>
  <system-out/>
</testsuite> <!-- com.trg.putMethod.Putmethod -->
