<?xml version="1.0" encoding="UTF-8"?>
<!-- Generated by org.testng.reporters.JUnitReportReporter -->
<testsuite hostname="inlen8520027833" failures="0" tests="1" name="com.trg.getmethod.GetMethod" time="1.757" errors="0" timestamp="2023-02-17T20:06:46 IST" skipped="0">
  <testcase classname="com.trg.getmethod.GetMethod" name="getAllEmoloyess" time="1.757"/>
  <system-out/>
</testsuite> <!-- com.trg.getmethod.GetMethod -->
