<?xml version="1.0" encoding="UTF-8"?>
<!-- Generated by org.testng.reporters.JUnitReportReporter -->
<testsuite hostname="inlen8520027833" failures="0" tests="1" name="com.trg.Postmethod.PostMethod" time="1.692" errors="0" timestamp="2023-02-17T20:44:42 IST" skipped="0">
  <testcase classname="com.trg.Postmethod.PostMethod" name="postNewEmployee" time="1.692"/>
  <system-out/>
</testsuite> <!-- com.trg.Postmethod.PostMethod -->
